生成启动时间为 2015/10/8 15:25:08。
     1>项目“E:\DataMine\DecisionTreeC4.5\DecisionTree\DecisionTree.vcxproj”在节点 2 上(build 个目标)。
     1>InitializeBuildStatus:
         正在创建“Debug\DecisionTree.unsuccessfulbuild”，因为已指定“AlwaysCreate”。
       ClCompile:
         c:\Program Files (x86)\Microsoft Visual Studio 10.0\VC\bin\CL.exe /c /ZI /nologo /W3 /WX- /Od /Oy- /D WIN32 /D _DEBUG /D _CONSOLE /D _UNICODE /D UNICODE /Gm /EHsc /RTC1 /MDd /GS /fp:precise /Zc:wchar_t /Zc:forScope /Fo"Debug\\" /Fd"Debug\vc100.pdb" /Gd /TP /analyze- /errorReport:prompt DecisionTree.cpp
         DecisionTree.cpp
     1>e:\datamine\decisiontreec4.5\decisiontree\decisiontree.cpp(292): warning C4018: “<”: 有符号/无符号不匹配
       ManifestResourceCompile:
         所有输出均为最新。
       Link:
         c:\Program Files (x86)\Microsoft Visual Studio 10.0\VC\bin\link.exe /ERRORREPORT:PROMPT /OUT:"E:\DataMine\DecisionTreeC4.5\Debug\DecisionTree.exe" /INCREMENTAL /NOLOGO kernel32.lib user32.lib gdi32.lib winspool.lib comdlg32.lib advapi32.lib shell32.lib ole32.lib oleaut32.lib uuid.lib odbc32.lib odbccp32.lib /MANIFEST /ManifestFile:"Debug\DecisionTree.exe.intermediate.manifest" /MANIFESTUAC:"level='asInvoker' uiAccess='false'" /DEBUG /PDB:"E:\DataMine\DecisionTreeC4.5\Debug\DecisionTree.pdb" /SUBSYSTEM:CONSOLE /TLBID:1 /DYNAMICBASE /NXCOMPAT /IMPLIB:"E:\DataMine\DecisionTreeC4.5\Debug\DecisionTree.lib" /MACHINE:X86 Debug\DecisionTree.exe.embed.manifest.res
         Debug\DecisionTree.obj
         Debug\Tree.obj
       Manifest:
         c:\Program Files (x86)\Microsoft SDKs\Windows\v7.0A\bin\mt.exe /nologo /verbose /out:"Debug\DecisionTree.exe.embed.manifest" /manifest Debug\DecisionTree.exe.intermediate.manifest
         所有输出均为最新。
       LinkEmbedManifest:
         所有输出均为最新。
         DecisionTree.vcxproj -> E:\DataMine\DecisionTreeC4.5\Debug\DecisionTree.exe
       FinalizeBuildStatus:
         正在删除文件“Debug\DecisionTree.unsuccessfulbuild”。
         正在对“Debug\DecisionTree.lastbuildstate”执行 Touch 任务。
     1>已完成生成项目“E:\DataMine\DecisionTreeC4.5\DecisionTree\DecisionTree.vcxproj”(build 个目标)的操作。

生成成功。

已用时间 00:00:06.80
