生成启动时间为 2015/10/8 18:15:22。
     1>项目“C:\Users\wangxy\Desktop\CART\CART\CART.vcxproj”在节点 2 上(build 个目标)。
     1>InitializeBuildStatus:
         正在创建“Debug\CART.unsuccessfulbuild”，因为已指定“AlwaysCreate”。
       ClCompile:
         c:\Program Files (x86)\Microsoft Visual Studio 10.0\VC\bin\CL.exe /c /ZI /nologo /W3 /WX- /Od /Oy- /D _MBCS /Gm /EHsc /RTC1 /MDd /GS /fp:precise /Zc:wchar_t /Zc:forScope /Fo"Debug\\" /Fd"Debug\vc100.pdb" /Gd /TP /analyze- /errorReport:prompt LDecisionTree.cpp main.cpp
         main.cpp
         LDecisionTree.cpp
         正在生成代码...
       Link:
         c:\Program Files (x86)\Microsoft Visual Studio 10.0\VC\bin\link.exe /ERRORREPORT:PROMPT /OUT:"C:\Users\wangxy\Desktop\CART\CART\Debug\CART.exe" /NOLOGO kernel32.lib user32.lib gdi32.lib winspool.lib comdlg32.lib advapi32.lib shell32.lib ole32.lib oleaut32.lib uuid.lib odbc32.lib odbccp32.lib /MANIFEST /ManifestFile:"Debug\CART.exe.intermediate.manifest" /MANIFESTUAC:"level='asInvoker' uiAccess='false'" /DEBUG /PDB:"C:\Users\wangxy\Desktop\CART\CART\Debug\CART.pdb" /TLBID:1 /DYNAMICBASE /NXCOMPAT /IMPLIB:"C:\Users\wangxy\Desktop\CART\CART\Debug\CART.lib" /MACHINE:X86 Debug\LDecisionTree.obj
         Debug\main.obj
         CART.vcxproj -> C:\Users\wangxy\Desktop\CART\CART\Debug\CART.exe
       Manifest:
         c:\Program Files (x86)\Microsoft SDKs\Windows\v7.0A\bin\mt.exe /nologo /verbose /outputresource:"C:\Users\wangxy\Desktop\CART\CART\Debug\CART.exe;#1" /manifest Debug\CART.exe.intermediate.manifest
       FinalizeBuildStatus:
         正在删除文件“Debug\CART.unsuccessfulbuild”。
         正在对“Debug\CART.lastbuildstate”执行 Touch 任务。
     1>已完成生成项目“C:\Users\wangxy\Desktop\CART\CART\CART.vcxproj”(build 个目标)的操作。

生成成功。

已用时间 00:00:07.75
